<?xml version="1.0" encoding="UTF-8"?>
<!-- Generated by org.testng.reporters.JUnitReportReporter -->
<testsuite hostname="Thien-Acer" failures="0" tests="10" name="baitap.check_dangky" time="5.392" errors="0" timestamp="2021-10-23T10:52:22 ICT" skipped="2">
  <testcase classname="baitap.check_dangky" name="dangky" time="1.203"/>
  <system-out/>
  <testcase classname="baitap.check_dangky" name="thongtin" time="0.403"/>
  <system-out/>
  <testcase classname="baitap.check_dangky" name="mailling" time="0.436"/>
  <system-out/>
  <testcase classname="baitap.check_dangky" name="user_information" time="0.284"/>
  <system-out/>
  <testcase classname="baitap.check_dangky" name="submit_inf" time="1.233"/>
  <system-out/>
  <testcase classname="baitap.check_dangky" name="back_login" time="0.647"/>
  <system-out/>
  <testcase classname="baitap.check_dangky" name="dangnhap" time="1.154"/>
  <system-out/>
  <testcase classname="baitap.check_dangky" name="verify_check_login" time="0.032"/>
  <system-out/>
  <testcase classname="baitap.check_dangky" name="dien_username">
    <skipped/>
  </testcase> <!-- dien_username -->
  <system-out/>
  <testcase classname="baitap.check_dangky" name="chua_co_tk">
    <skipped/>
  </testcase> <!-- chua_co_tk -->
  <system-out/>
</testsuite> <!-- baitap.check_dangky -->
