<?xml version="1.0" encoding="UTF-8"?>
<!-- Generated by org.testng.reporters.JUnitReportReporter -->
<testsuite hostname="Thien-Acer" failures="0" tests="2" name="baitap.check_test" time="3.189" errors="0" timestamp="2021-10-23T10:52:22 ICT" skipped="0">
  <testcase classname="baitap.check_test" name="v_rfgis" time="1.871"/>
  <system-out/>
  <testcase classname="baitap.check_test" name="click_support" time="1.318"/>
  <system-out/>
</testsuite> <!-- baitap.check_test -->
